<?xml version="1.0" encoding="UTF-8"?>
<testng-results ignored="0" total="3" passed="3" failed="0" skipped="0">
  <reporter-output>
  </reporter-output>
  <suite started-at="2023-09-05T21:27:08 IST" name="Default suite" finished-at="2023-09-05T21:27:08 IST" duration-ms="130">
    <groups>
    </groups>
    <test started-at="2023-09-05T21:27:08 IST" name="Default test" finished-at="2023-09-05T21:27:08 IST" duration-ms="130">
      <class name="assure.Demo">
        <test-method is-config="true" signature="BeforeSuite()[pri:0, instance:assure.Demo@2b662a77]" started-at="2023-09-05T21:27:08 IST" name="BeforeSuite" finished-at="2023-09-05T21:27:08 IST" duration-ms="19" status="PASS">
          <reporter-output>
          </reporter-output>
        </test-method> <!-- BeforeSuite -->
        <test-method is-config="true" signature="BeforeTest()[pri:0, instance:assure.Demo@2b662a77]" started-at="2023-09-05T21:27:08 IST" name="BeforeTest" finished-at="2023-09-05T21:27:08 IST" duration-ms="1" status="PASS">
          <reporter-output>
          </reporter-output>
        </test-method> <!-- BeforeTest -->
        <test-method is-config="true" signature="BeforeClass()[pri:0, instance:assure.Demo@2b662a77]" started-at="2023-09-05T21:27:08 IST" name="BeforeClass" finished-at="2023-09-05T21:27:08 IST" duration-ms="1" status="PASS">
          <reporter-output>
          </reporter-output>
        </test-method> <!-- BeforeClass -->
        <test-method is-config="true" signature="BeforeMethod()[pri:0, instance:assure.Demo@2b662a77]" started-at="2023-09-05T21:27:08 IST" name="BeforeMethod" finished-at="2023-09-05T21:27:08 IST" duration-ms="1" status="PASS">
          <reporter-output>
          </reporter-output>
        </test-method> <!-- BeforeMethod -->
        <test-method signature="test()[pri:1, instance:assure.Demo@2b662a77]" started-at="2023-09-05T21:27:08 IST" name="test" finished-at="2023-09-05T21:27:08 IST" duration-ms="17" status="PASS">
          <reporter-output>
          </reporter-output>
        </test-method> <!-- test -->
        <test-method is-config="true" signature="AfterMethod()[pri:0, instance:assure.Demo@2b662a77]" started-at="2023-09-05T21:27:08 IST" name="AfterMethod" finished-at="2023-09-05T21:27:08 IST" duration-ms="0" status="PASS">
          <reporter-output>
          </reporter-output>
        </test-method> <!-- AfterMethod -->
        <test-method signature="test1()[pri:2, instance:assure.Demo@2b662a77]" started-at="2023-09-05T21:27:08 IST" name="test1" finished-at="2023-09-05T21:27:08 IST" duration-ms="4" status="PASS">
          <reporter-output>
          </reporter-output>
        </test-method> <!-- test1 -->
        <test-method is-config="true" signature="BeforeMethod()[pri:0, instance:assure.Demo@2b662a77]" started-at="2023-09-05T21:27:08 IST" name="BeforeMethod" finished-at="2023-09-05T21:27:08 IST" duration-ms="0" status="PASS">
          <reporter-output>
          </reporter-output>
        </test-method> <!-- BeforeMethod -->
        <test-method is-config="true" signature="AfterMethod()[pri:0, instance:assure.Demo@2b662a77]" started-at="2023-09-05T21:27:08 IST" name="AfterMethod" finished-at="2023-09-05T21:27:08 IST" duration-ms="1" status="PASS">
          <reporter-output>
          </reporter-output>
        </test-method> <!-- AfterMethod -->
        <test-method is-config="true" signature="BeforeMethod()[pri:0, instance:assure.Demo@2b662a77]" started-at="2023-09-05T21:27:08 IST" name="BeforeMethod" finished-at="2023-09-05T21:27:08 IST" duration-ms="2" status="PASS">
          <reporter-output>
          </reporter-output>
        </test-method> <!-- BeforeMethod -->
        <test-method signature="test3()[pri:3, instance:assure.Demo@2b662a77]" started-at="2023-09-05T21:27:08 IST" name="test3" finished-at="2023-09-05T21:27:08 IST" duration-ms="2" status="PASS">
          <reporter-output>
          </reporter-output>
        </test-method> <!-- test3 -->
        <test-method is-config="true" signature="AfterMethod()[pri:0, instance:assure.Demo@2b662a77]" started-at="2023-09-05T21:27:08 IST" name="AfterMethod" finished-at="2023-09-05T21:27:08 IST" duration-ms="0" status="PASS">
          <reporter-output>
          </reporter-output>
        </test-method> <!-- AfterMethod -->
        <test-method is-config="true" signature="AfterTest()[pri:0, instance:assure.Demo@2b662a77]" started-at="2023-09-05T21:27:08 IST" name="AfterTest" finished-at="2023-09-05T21:27:08 IST" duration-ms="1" status="PASS">
          <reporter-output>
          </reporter-output>
        </test-method> <!-- AfterTest -->
        <test-method is-config="true" signature="AfterSuite()[pri:0, instance:assure.Demo@2b662a77]" started-at="2023-09-05T21:27:09 IST" name="AfterSuite" finished-at="2023-09-05T21:27:09 IST" duration-ms="2" status="PASS">
          <reporter-output>
          </reporter-output>
        </test-method> <!-- AfterSuite -->
      </class> <!-- assure.Demo -->
    </test> <!-- Default test -->
  </suite> <!-- Default suite -->
</testng-results>
